<?xml version="1.0" encoding="UTF-8" ?>
<testsuite tests="24" failures="0" name="library.utils.BookFunctionsTest" time="0.131" errors="0" skipped="0">
  <properties>
[...]
</properties>
  <testcase classname="library.utils.BookFunctionsTest" name="howManyBooksAfter2007Stream" time="0.044"/>
  <testcase classname="library.utils.BookFunctionsTest" name="findIsbnStram" time="0"/>
  <testcase classname="library.utils.BookFunctionsTest" name="findYoungestBookStream" time="0.003"/>
  <testcase classname="library.utils.BookFunctionsTest" name="sortBooksByYearDescending" time="0.001"/>
  <testcase classname="library.utils.BookFunctionsTest" name="sumOfYears" time="0"/>
  <testcase classname="library.utils.BookFunctionsTest" name="findIsbn" time="0"/>
  <testcase classname="library.utils.BookFunctionsTest" name="averageOfBookYearsStream" time="0.051"/>
  <testcase classname="library.utils.BookFunctionsTest" name="isThereAnyBookBefore2003Stream" time="0.001"/>
  <testcase classname="library.utils.BookFunctionsTest" name="howManyBooksAfter2007" time="0"/>
  <testcase classname="library.utils.BookFunctionsTest" name="getBooksAfter2009Map" time="0.005"/>
  <testcase classname="library.utils.BookFunctionsTest" name="get3Lists" time="0.011"/>
  <testcase classname="library.utils.BookFunctionsTest" name="findYoungestBook" time="0"/>
  <testcase classname="library.utils.BookFunctionsTest" name="add100YearsToEveryBook" time="0.01"/>
  <testcase classname="library.utils.BookFunctionsTest" name="isThereAnyBookBefore2003" time="0"/>
  <testcase classname="library.utils.BookFunctionsTest" name="sumOfYearsStream" time="0.002"/>
  <testcase classname="library.utils.BookFunctionsTest" name="isAllBooksAreNewerThan2000Stream" time="0.001"/>
  <testcase classname="library.utils.BookFunctionsTest" name="findOldestStream" time="0"/>
  <testcase classname="library.utils.BookFunctionsTest" name="getLastTwoBooksStream" time="0.001"/>
  <testcase classname="library.utils.BookFunctionsTest" name="getBooksWithTitleStartingWithCAndYoungerThan2007" time="0"/>
  <testcase classname="library.utils.BookFunctionsTest" name="getLastTwoBooks" time="0"/>
  <testcase classname="library.utils.BookFunctionsTest" name="isAllBooksAreNewerThan2000" time="0"/>
  <testcase classname="library.utils.BookFunctionsTest" name="getYearBookMap" time="0.001"/>
  <testcase classname="library.utils.BookFunctionsTest" name="findOldestBook" time="0"/>
  <testcase classname="library.utils.BookFunctionsTest" name="averageOfBookYears" time="0"/>
</testsuite>